{:mean=>" 『リンゴ』;リンゴの木"}
 『リンゴ』;リンゴの木
{:mean=>" 『バナナ』;バナナの木 / 《米俗》ドル"}
 『バナナ』;バナナの木 / 《米俗》ドル
{:mean=>" 〈C〉英語アルファベットの第9字 / 〈C〉I字型[の物] / 〈U〉(ローマ数字の)1 / =I"}
 〈C〉英語アルファベットの第9字 / 〈C〉I字型[の物] / 〈U〉(ローマ数字の)1 / =I
{:mean=>" be動詞の一人称単数,直説法,現在形"}
 be動詞の一人称単数,直説法,現在形
{:mean=>" 〈C〉英語アルファベットの第1字 / 〈U〉(音階の)イ音,イ調 / 〈C〉《米》(学校の成績の)A / =A"}
 〈C〉英語アルファベットの第1字 / 〈U〉(音階の)イ音,イ調 / 〈C〉《米》(学校の成績の)A / =A
{:mean=>" 『女の子』,『少女』,娘,未婚の若い女性 / 女店員,女事務員,お手伝い / 《one's ~》《話》恋人,ガールフレンド / (一般的に)女(woman) / 《話》娘(daughter)"}
 『女の子』,『少女』,娘,未婚の若い女性 / 女店員,女事務員,お手伝い / 《one's ~》《話》恋人,ガールフレンド / (一般的に)女(woman) / 《話》娘(daughter)
{:mean=>" 《疑問文・否定文を作る》 / 《否定命令文を作る》 / 《助動詞とbe動詞のどちらも含まない文に用いて付加疑問を作る》 / 《強意語として》 / 《文》《助動詞とbe動詞のどちらも含まない文に用いて倒置文を作る》 / 《あいづちを打つ場合に》 / 《先行する動詞またはそれを含む述部の代用》 / 《so,nor,neitherで始まる簡略文で》 / …‘を'『する』,行う,果たす / 《通例have done,時にbe doneの形で》…‘を'『終える』,済ませる / …‘を'作る,作り出す / …‘を'『処理する』,整える,片付ける / 〈学課〉‘を'『勉強する』,専攻する / 〈利益・害など〉‘を'与える,もたらす / 〈人〉‘に'『役立つ』,用が足りる(serve) / …の速度で進む,距離を行く / …‘を'見物する / 〈劇〉‘を'上演する;…‘の'役を演じる / …の役目(仕事)をする / 《おもに英》…‘を'だます,かつぐ / 《話》…をへとへとにさせる / 『する』;活動する / 《通例have done,時にbe doneの形で》(…を)『終える』,済ます《+『with』+『名』》 / 〈事が〉『運ぶ』;〈人が〉暮らしていく,健康である / 〈物が〉(…に)『間に合う』,十分である;〈人が〉(…に)役に立つ,向く《+『for』+『名』》 / 《複数形で》すべきこと / 〈C〉《おもに英》大宴会,大パーティー / 〈C〉《英話》詐欺,ぺてん"}
 《疑問文・否定文を作る》 / 《否定命令文を作る》 / 《助動詞とbe動詞のどちらも含まない文に用いて付加疑問を作る》 / 《強意語として》 / 《文》《助動詞とbe動詞のどちらも含まない文に用いて倒置文を作る》 / 《あいづちを打つ場合に》 / 《先行する動詞またはそれを含む述部の代用》 / 《so,nor,neitherで始まる簡略文で》 / …‘を'『する』,行う,果たす / 《通例have done,時にbe doneの形で》…‘を'『終える』,済ませる / …‘を'作る,作り出す / …‘を'『処理する』,整える,片付ける / 〈学課〉‘を'『勉強する』,専攻する / 〈利益・害など〉‘を'与える,もたらす / 〈人〉‘に'『役立つ』,用が足りる(serve) / …の速度で進む,距離を行く / …‘を'見物する / 〈劇〉‘を'上演する;…‘の'役を演じる / …の役目(仕事)をする / 《おもに英》…‘を'だます,かつぐ / 《話》…をへとへとにさせる / 『する』;活動する / 《通例have done,時にbe doneの形で》(…を)『終える』,済ます《+『with』+『名』》 / 〈事が〉『運ぶ』;〈人が〉暮らしていく,健康である / 〈物が〉(…に)『間に合う』,十分である;〈人が〉(…に)役に立つ,向く《+『for』+『名』》 / 《複数形で》すべきこと / 〈C〉《おもに英》大宴会,大パーティー / 〈C〉《英話》詐欺,ぺてん
{:mean=>" 『あなた[がた]は(を)』,君[たち]は(を) / 《命令文》君[たち],皆さん / 《呼び掛け》君[たち],おまえ[たち] / 《一般に人を指して》人は(を)"}
 『あなた[がた]は(を)』,君[たち]は(を) / 《命令文》君[たち],皆さん / 《呼び掛け》君[たち],おまえ[たち] / 《一般に人を指して》人は(を)
{:mean=>" (事実として,また知識の上で)…‘を'『知る』,知っている;…‘を'覚えている / …‘を'『見て分かる』,織別できる,の見分けがつく;(…から)…を見て分かる《+『名』+『from』+『名』》 / (経験として)…‘を'『知る』 / 『知る』,知っている,分かっている / 熟知"}
 (事実として,また知識の上で)…‘を'『知る』,知っている;…‘を'覚えている / …‘を'『見て分かる』,織別できる,の見分けがつく;(…から)…を見て分かる《+『名』+『from』+『名』》 / (経験として)…‘を'『知る』 / 『知る』,知っている,分かっている / 熟知
{:mean=>" 『私を』(『に』) / 《話》『私』(=『I』)"}
 『私を』(『に』) / 《話》『私』(=『I』)
2015-12-05 23:18:03 +0900
2015-12-05 23:18:07 +0900
2015-12-05 23:18:32 +0900
2015-12-05 23:31:25 +0900
nil

2015-12-06 00:48:55 +0900
b4d3f6952b4f794977d240022cf851282ac93e51e5f1c7f1b73ba104a2c45de2
2015-12-06 00:49:25 +0900
c9ba03e749a129a6047cd6f6d3641bc91e406308630cc8db38cd8db58d4b1027
2015-12-06 01:40:44 +0900
835d471a4614f3832bb024a7b1be420c81d48dfcddb3ed92f9822da95d1fc2ac
<#Sinatra::Cookies::Jar: >
{"session_id"=>"fd4195dce94badea47e254247a3002af3dbbea4cf003aeb194598b4c1d5f7d8f", "csrf"=>"3adb201067ae8e846d7a8874c863415d", "tracking"=>{"HTTP_USER_AGENT"=>"ceaa43631a51d4f8da346ebaa63c85d916a86265", "HTTP_ACCEPT_LANGUAGE"=>"2668ccc0b26c1ada1e450bf13e21e51501a40422"}}
<#Sinatra::Cookies::Jar: "__utma"=>"111872281.1845464629.1446452233.1446452233.1446452233.1", "__utmz"=>"111872281.1446452233.1.1.utmcsr=(direct)|utmccn=(direct)|utmcmd=(none)">
{"session_id"=>"c29a921f1c94a381b91f9627a46392845503ba81d7dd5ffdedb09a6acb2e5efa", "csrf"=>"af894b0be06695f97a9d905cb37d3595", "tracking"=>{"HTTP_USER_AGENT"=>"ef8bdedf59da7d559fe075ed7b669fe8cbdd3cdc", "HTTP_ACCEPT_LANGUAGE"=>"a4deeb00197e2f11326530d958f32266f0f907af"}}
{"name"=>"maya"}
{"session_id"=>"6ac6954349900e02a768ffebd8485e16fa42934b21f6280ce01cae864bf77b26", "csrf"=>"dc1fef3ca7ceefc5505773f6427c7e7f", "tracking"=>{"HTTP_USER_AGENT"=>"ef8bdedf59da7d559fe075ed7b669fe8cbdd3cdc", "HTTP_ACCEPT_LANGUAGE"=>"a4deeb00197e2f11326530d958f32266f0f907af"}}
{"session_id"=>"6ac6954349900e02a768ffebd8485e16fa42934b21f6280ce01cae864bf77b26", "csrf"=>"dc1fef3ca7ceefc5505773f6427c7e7f", "tracking"=>{"HTTP_USER_AGENT"=>"ef8bdedf59da7d559fe075ed7b669fe8cbdd3cdc", "HTTP_ACCEPT_LANGUAGE"=>"a4deeb00197e2f11326530d958f32266f0f907af"}, "id"=>"maya"}
<#Sinatra::Cookies::Jar: "__utma"=>"111872281.1845464629.1446452233.1446452233.1446452233.1", "__utmz"=>"111872281.1446452233.1.1.utmcsr=(direct)|utmccn=(direct)|utmcmd=(none)", "rack.session"=>"BAh7CUkiD3Nlc3Npb25faWQGOgZFVEkiRTZhYzY5NTQzNDk5MDBlMDJhNzY4\nZmZlYmQ4NDg1ZTE2ZmE0MjkzNGIyMWY2MjgwY2UwMWNhZTg2NGJmNzdiMjYG\nOwBGSSIJY3NyZgY7AEZJIiVkYzFmZWYzY2E3Y2VlZmM1NTA1NzczZjY0Mjdj\nN2U3ZgY7AEZJIg10cmFja2luZwY7AEZ7B0kiFEhUVFBfVVNFUl9BR0VOVAY7\nAFRJIi1lZjhiZGVkZjU5ZGE3ZDU1OWZlMDc1ZWQ3YjY2OWZlOGNiZGQzY2Rj\nBjsARkkiGUhUVFBfQUNDRVBUX0xBTkdVQUdFBjsAVEkiLWE0ZGVlYjAwMTk3\nZTJmMTEzMjY1MzBkOTU4ZjMyMjY2ZjBmOTA3YWYGOwBGSSIHaWQGOwBGSSIJ\nbWF5YQY7AFQ=\n--0ff905ac48b7e1181c70d2a73c8079f0b563d4b1">
{"session_id"=>"37b7976943a9e6a4258f0bef29bff1ec80520f774eb753385644ce131b2ee079", "csrf"=>"857f79b8288bda5cc5dec363d17b1f7e", "tracking"=>{"HTTP_USER_AGENT"=>"ef8bdedf59da7d559fe075ed7b669fe8cbdd3cdc", "HTTP_ACCEPT_LANGUAGE"=>"a4deeb00197e2f11326530d958f32266f0f907af"}}
<#Sinatra::Cookies::Jar: "__utma"=>"111872281.1845464629.1446452233.1446452233.1446452233.1", "__utmz"=>"111872281.1446452233.1.1.utmcsr=(direct)|utmccn=(direct)|utmcmd=(none)", "rack.session"=>"BAh7CEkiD3Nlc3Npb25faWQGOgZFVEkiRTM3Yjc5NzY5NDNhOWU2YTQyNThm\nMGJlZjI5YmZmMWVjODA1MjBmNzc0ZWI3NTMzODU2NDRjZTEzMWIyZWUwNzkG\nOwBGSSIJY3NyZgY7AEZJIiU4NTdmNzliODI4OGJkYTVjYzVkZWMzNjNkMTdi\nMWY3ZQY7AEZJIg10cmFja2luZwY7AEZ7B0kiFEhUVFBfVVNFUl9BR0VOVAY7\nAFRJIi1lZjhiZGVkZjU5ZGE3ZDU1OWZlMDc1ZWQ3YjY2OWZlOGNiZGQzY2Rj\nBjsARkkiGUhUVFBfQUNDRVBUX0xBTkdVQUdFBjsAVEkiLWE0ZGVlYjAwMTk3\nZTJmMTEzMjY1MzBkOTU4ZjMyMjY2ZjBmOTA3YWYGOwBG\n--750b297eba4127077121cc21af48e96d490615d4">
{"session_id"=>"d68bbb1616f54ac5c75b4660fb369dc229c61b29f173ff4b47d14017876734bc", "csrf"=>"3652fffccd981655f5a7a43231d7f053", "tracking"=>{"HTTP_USER_AGENT"=>"ef8bdedf59da7d559fe075ed7b669fe8cbdd3cdc", "HTTP_ACCEPT_LANGUAGE"=>"a4deeb00197e2f11326530d958f32266f0f907af"}}
<#Sinatra::Cookies::Jar: "__utma"=>"111872281.1845464629.1446452233.1446452233.1446452233.1", "__utmz"=>"111872281.1446452233.1.1.utmcsr=(direct)|utmccn=(direct)|utmcmd=(none)", "rack.session"=>"BAh7CEkiD3Nlc3Npb25faWQGOgZFVEkiRTU1MDMxZDI2NzAxYmQ0NjlhZDE2\nMDI4OWY3Y2Y4ZjgzYmY5MmU3ZTc0ZmJhZjIxODAzNmRiMTE3N2FhMGQ4MDIG\nOwBGSSIJY3NyZgY7AEZJIiUwMTFjZDY0NGEwMmNiOTgzNjBlNzJkMTViMmI0\nYjNlNQY7AEZJIg10cmFja2luZwY7AEZ7B0kiFEhUVFBfVVNFUl9BR0VOVAY7\nAFRJIi1lZjhiZGVkZjU5ZGE3ZDU1OWZlMDc1ZWQ3YjY2OWZlOGNiZGQzY2Rj\nBjsARkkiGUhUVFBfQUNDRVBUX0xBTkdVQUdFBjsAVEkiLWE0ZGVlYjAwMTk3\nZTJmMTEzMjY1MzBkOTU4ZjMyMjY2ZjBmOTA3YWYGOwBG\n--6d82c8a2ac07e100d7c1beca9fcbffa0a789914b">
{"session_id"=>"689a9c77052a90b2984adfbcd9280469bd8d4267d7ef8969158fa1c499b92bc6", "csrf"=>"009730d99ef06c2154036a43188c6dfc", "tracking"=>{"HTTP_USER_AGENT"=>"ef8bdedf59da7d559fe075ed7b669fe8cbdd3cdc", "HTTP_ACCEPT_LANGUAGE"=>"a4deeb00197e2f11326530d958f32266f0f907af"}}
<#Sinatra::Cookies::Jar: "rack.session"=>"BAh7CEkiD3Nlc3Npb25faWQGOgZFVEkiRTdlNmQyZDBiNWE3YjQzODNiMDhm\nMDllYjc1MmI2M2I1MTlkY2QxYjY2NmUwZTk4Nzc3NTk4YjQxYjZmMjRlZWEG\nOwBGSSIJY3NyZgY7AEZJIiVlZjJjYWVkYjAwZTczMWVmMWQ4ZjVlOTVlMzI4\nYTI5MAY7AEZJIg10cmFja2luZwY7AEZ7B0kiFEhUVFBfVVNFUl9BR0VOVAY7\nAFRJIi1jZWFhNDM2MzFhNTFkNGY4ZGEzNDZlYmFhNjNjODVkOTE2YTg2MjY1\nBjsARkkiGUhUVFBfQUNDRVBUX0xBTkdVQUdFBjsAVEkiLTI2NjhjY2MwYjI2\nYzFhZGExZTQ1MGJmMTNlMjFlNTE1MDFhNDA0MjIGOwBG\n--03847f2e2988b3fa56ec8a8bcfe3c195f2e49ac7">
{"session_id"=>"e4599d4f95c914adf12f4a1fa8ffcc8e21342d39b9882c4e831cd71256b61f76", "csrf"=>"00e7873d6af3f14f76fd5345981574bb", "tracking"=>{"HTTP_USER_AGENT"=>"ceaa43631a51d4f8da346ebaa63c85d916a86265", "HTTP_ACCEPT_LANGUAGE"=>"2668ccc0b26c1ada1e450bf13e21e51501a40422"}}
<#Sinatra::Cookies::Jar: "rack.session"=>"BAh7CEkiD3Nlc3Npb25faWQGOgZFVEkiRWJlMDA2MTNmN2FhNmY4ODViODEx\nZDdjOTJkZTcwYmU1MDYxODFlNjA3MzgzYWEzNmI4NzE3MGM2ZDcyN2U3NTQG\nOwBGSSIJY3NyZgY7AEZJIiU0NDg3NzJkMjc5NTA4ZjE0MDI5ZGMyNDY3NjU3\nMzNmMQY7AEZJIg10cmFja2luZwY7AEZ7B0kiFEhUVFBfVVNFUl9BR0VOVAY7\nAFRJIi1jZWFhNDM2MzFhNTFkNGY4ZGEzNDZlYmFhNjNjODVkOTE2YTg2MjY1\nBjsARkkiGUhUVFBfQUNDRVBUX0xBTkdVQUdFBjsAVEkiLTI2NjhjY2MwYjI2\nYzFhZGExZTQ1MGJmMTNlMjFlNTE1MDFhNDA0MjIGOwBG\n--fdae6c39bc8ca75d05ae98450545040df2930de4">
{"session_id"=>"be00613f7aa6f885b811d7c92de70be506181e607383aa36b87170c6d727e754", "csrf"=>"448772d279508f14029dc246765733f1", "tracking"=>{"HTTP_USER_AGENT"=>"ceaa43631a51d4f8da346ebaa63c85d916a86265", "HTTP_ACCEPT_LANGUAGE"=>"2668ccc0b26c1ada1e450bf13e21e51501a40422"}}
<#Sinatra::Cookies::Jar: "rack.session"=>"BAh7CEkiD3Nlc3Npb25faWQGOgZFVEkiRTZkZmUwMTRiMzNiNjJmZjdiNmU1\nNGVkOGM0MzE4NmE4OGUyMjA3Y2I4ZTA5MmM2OWJhZjQwMTM4MGYwY2Q5NTIG\nOwBGSSIJY3NyZgY7AEZJIiU0YmEyNjk4ODA1Y2Q2NDczMWVhNDlhYzgyNDU4\nYmNiOAY7AEZJIg10cmFja2luZwY7AEZ7B0kiFEhUVFBfVVNFUl9BR0VOVAY7\nAFRJIi1jZWFhNDM2MzFhNTFkNGY4ZGEzNDZlYmFhNjNjODVkOTE2YTg2MjY1\nBjsARkkiGUhUVFBfQUNDRVBUX0xBTkdVQUdFBjsAVEkiLTI2NjhjY2MwYjI2\nYzFhZGExZTQ1MGJmMTNlMjFlNTE1MDFhNDA0MjIGOwBG\n--a803147f8c2f64ba742dac7e9751e1d691304b3f">
{"session_id"=>"6dfe014b33b62ff7b6e54ed8c43186a88e2207cb8e092c69baf401380f0cd952", "csrf"=>"4ba2698805cd64731ea49ac82458bcb8", "tracking"=>{"HTTP_USER_AGENT"=>"ceaa43631a51d4f8da346ebaa63c85d916a86265", "HTTP_ACCEPT_LANGUAGE"=>"2668ccc0b26c1ada1e450bf13e21e51501a40422"}}
<#Sinatra::Cookies::Jar: "rack.session"=>"BAh7CEkiD3Nlc3Npb25faWQGOgZFVEkiRTEwMDZkMDc1ZjdhZDhmMGVjOWM3\nMWU2YTY1OTlmODFjOWFiNjc5NGEwNDg4YWQ3MjI4OTk0MTQwYzUzYzU4NGQG\nOwBGSSIJY3NyZgY7AEZJIiUzNTk0NDYxNmRjZjc2NjcwYmRjZjg5NjBhZGFk\nYjIwMAY7AEZJIg10cmFja2luZwY7AEZ7B0kiFEhUVFBfVVNFUl9BR0VOVAY7\nAFRJIi1jZWFhNDM2MzFhNTFkNGY4ZGEzNDZlYmFhNjNjODVkOTE2YTg2MjY1\nBjsARkkiGUhUVFBfQUNDRVBUX0xBTkdVQUdFBjsAVEkiLTI2NjhjY2MwYjI2\nYzFhZGExZTQ1MGJmMTNlMjFlNTE1MDFhNDA0MjIGOwBG\n--63657128a9a9879de9755f357997148269bcfe5c">
{"session_id"=>"873545167b5960d06f5b66faaaaa77259d636befa8a2f6e3c9a84179e5c81690", "csrf"=>"a027cc9f875a64829f5837e28283cdcd", "tracking"=>{"HTTP_USER_AGENT"=>"ceaa43631a51d4f8da346ebaa63c85d916a86265", "HTTP_ACCEPT_LANGUAGE"=>"2668ccc0b26c1ada1e450bf13e21e51501a40422"}}
<#Sinatra::Cookies::Jar: "__utma"=>"111872281.1845464629.1446452233.1446452233.1446452233.1", "__utmz"=>"111872281.1446452233.1.1.utmcsr=(direct)|utmccn=(direct)|utmcmd=(none)", "rack.session"=>"BAh7CEkiD3Nlc3Npb25faWQGOgZFVEkiRTY4OWE5Yzc3MDUyYTkwYjI5ODRh\nZGZiY2Q5MjgwNDY5YmQ4ZDQyNjdkN2VmODk2OTE1OGZhMWM0OTliOTJiYzYG\nOwBGSSIJY3NyZgY7AEZJIiUwMDk3MzBkOTllZjA2YzIxNTQwMzZhNDMxODhj\nNmRmYwY7AEZJIg10cmFja2luZwY7AEZ7B0kiFEhUVFBfVVNFUl9BR0VOVAY7\nAFRJIi1lZjhiZGVkZjU5ZGE3ZDU1OWZlMDc1ZWQ3YjY2OWZlOGNiZGQzY2Rj\nBjsARkkiGUhUVFBfQUNDRVBUX0xBTkdVQUdFBjsAVEkiLWE0ZGVlYjAwMTk3\nZTJmMTEzMjY1MzBkOTU4ZjMyMjY2ZjBmOTA3YWYGOwBG\n--23d088c25d1b43ece61f6226ad1580f682da88e7">
{"session_id"=>"7d5dc542928acaf7c785fa6d0584e0d21900e749874a8569ec7431219dcf2777", "csrf"=>"42da1d134ba4a23739b4194633437a61", "tracking"=>{"HTTP_USER_AGENT"=>"ef8bdedf59da7d559fe075ed7b669fe8cbdd3cdc", "HTTP_ACCEPT_LANGUAGE"=>"a4deeb00197e2f11326530d958f32266f0f907af"}}
<#Sinatra::Cookies::Jar: "rack.session"=>"BAh7CEkiD3Nlc3Npb25faWQGOgZFVEkiRWEwODg2N2RhNDFmYTdhZTM3NWZk\nOWY0NmIwNDg0M2I2MzJkZjIyZjg2YTIyNGNiZjMxZDY0NDk4MTVjZTFiZGQG\nOwBGSSIJY3NyZgY7AEZJIiVkYWRjM2VjM2UzMDM2OWRjZjAzYTJhMzc0NGQy\nZWVlMQY7AEZJIg10cmFja2luZwY7AEZ7B0kiFEhUVFBfVVNFUl9BR0VOVAY7\nAFRJIi1jZWFhNDM2MzFhNTFkNGY4ZGEzNDZlYmFhNjNjODVkOTE2YTg2MjY1\nBjsARkkiGUhUVFBfQUNDRVBUX0xBTkdVQUdFBjsAVEkiLTI2NjhjY2MwYjI2\nYzFhZGExZTQ1MGJmMTNlMjFlNTE1MDFhNDA0MjIGOwBG\n--a42d11a8d21ad97d931942b0bb302c35966d70b3">
{"session_id"=>"a08867da41fa7ae375fd9f46b04843b632df22f86a224cbf31d6449815ce1bdd", "csrf"=>"dadc3ec3e30369dcf03a2a3744d2eee1", "tracking"=>{"HTTP_USER_AGENT"=>"ceaa43631a51d4f8da346ebaa63c85d916a86265", "HTTP_ACCEPT_LANGUAGE"=>"2668ccc0b26c1ada1e450bf13e21e51501a40422"}}
<#Sinatra::Cookies::Jar: "rack.session"=>"BAh7CEkiD3Nlc3Npb25faWQGOgZFVEkiRTEyMjM5ZDAwNzg2YTMyNzMwMjli\nNTk0ZjZhNTJhNmY4ZDZhYWFmODliNjEyNjRmOTRlZDQ0NmNmOGFlOTAxZDIG\nOwBGSSIJY3NyZgY7AEZJIiVjZmM1Mzk1NmQ0ODVkNTY3N2IwZDk1NjdiZDI3\nMTZhYQY7AEZJIg10cmFja2luZwY7AEZ7B0kiFEhUVFBfVVNFUl9BR0VOVAY7\nAFRJIi1jZWFhNDM2MzFhNTFkNGY4ZGEzNDZlYmFhNjNjODVkOTE2YTg2MjY1\nBjsARkkiGUhUVFBfQUNDRVBUX0xBTkdVQUdFBjsAVEkiLTI2NjhjY2MwYjI2\nYzFhZGExZTQ1MGJmMTNlMjFlNTE1MDFhNDA0MjIGOwBG\n--b50606c3e5121306b86c0a99e9002a2c3f79ee14">
{"session_id"=>"9a1dc7196d93df261f33605254c2875eac62fef8a5be2df13e7dff29032f6ff5", "csrf"=>"6d619700982b6abd8c9dd3048ee62fdb", "tracking"=>{"HTTP_USER_AGENT"=>"ceaa43631a51d4f8da346ebaa63c85d916a86265", "HTTP_ACCEPT_LANGUAGE"=>"2668ccc0b26c1ada1e450bf13e21e51501a40422"}}
<#Sinatra::Cookies::Jar: "__utma"=>"111872281.1845464629.1446452233.1446452233.1446452233.1", "__utmz"=>"111872281.1446452233.1.1.utmcsr=(direct)|utmccn=(direct)|utmcmd=(none)", "rack.session"=>"BAh7CEkiD3Nlc3Npb25faWQGOgZFVEkiRTdkNWRjNTQyOTI4YWNhZjdjNzg1\nZmE2ZDA1ODRlMGQyMTkwMGU3NDk4NzRhODU2OWVjNzQzMTIxOWRjZjI3NzcG\nOwBGSSIJY3NyZgY7AEZJIiU0MmRhMWQxMzRiYTRhMjM3MzliNDE5NDYzMzQz\nN2E2MQY7AEZJIg10cmFja2luZwY7AEZ7B0kiFEhUVFBfVVNFUl9BR0VOVAY7\nAFRJIi1lZjhiZGVkZjU5ZGE3ZDU1OWZlMDc1ZWQ3YjY2OWZlOGNiZGQzY2Rj\nBjsARkkiGUhUVFBfQUNDRVBUX0xBTkdVQUdFBjsAVEkiLWE0ZGVlYjAwMTk3\nZTJmMTEzMjY1MzBkOTU4ZjMyMjY2ZjBmOTA3YWYGOwBG\n--a1d99d7d0ffe92165b700ec5fc56a21fceb7f3e3">
{"session_id"=>"a80810c22525dd65af0a51f06b5010dcbdc7ab14fad661cff899d9c401f2ff59", "csrf"=>"734284ec5671ec8ce54770ceab1f5fbe", "tracking"=>{"HTTP_USER_AGENT"=>"ef8bdedf59da7d559fe075ed7b669fe8cbdd3cdc", "HTTP_ACCEPT_LANGUAGE"=>"a4deeb00197e2f11326530d958f32266f0f907af"}}
<#Sinatra::Cookies::Jar: "__utma"=>"111872281.1845464629.1446452233.1446452233.1446452233.1", "__utmz"=>"111872281.1446452233.1.1.utmcsr=(direct)|utmccn=(direct)|utmcmd=(none)", "rack.session"=>"BAh7CEkiD3Nlc3Npb25faWQGOgZFVEkiRWE4MDgxMGMyMjUyNWRkNjVhZjBh\nNTFmMDZiNTAxMGRjYmRjN2FiMTRmYWQ2NjFjZmY4OTlkOWM0MDFmMmZmNTkG\nOwBGSSIJY3NyZgY7AEZJIiU3MzQyODRlYzU2NzFlYzhjZTU0NzcwY2VhYjFm\nNWZiZQY7AEZJIg10cmFja2luZwY7AEZ7B0kiFEhUVFBfVVNFUl9BR0VOVAY7\nAFRJIi1lZjhiZGVkZjU5ZGE3ZDU1OWZlMDc1ZWQ3YjY2OWZlOGNiZGQzY2Rj\nBjsARkkiGUhUVFBfQUNDRVBUX0xBTkdVQUdFBjsAVEkiLWE0ZGVlYjAwMTk3\nZTJmMTEzMjY1MzBkOTU4ZjMyMjY2ZjBmOTA3YWYGOwBG\n">
{"session_id"=>"9b57cd8a5265ced68ef16391b9eb75bbac9d86f007b72f06f672f8259280ef52", "csrf"=>"729150429710a9f33b2f677029258344", "tracking"=>{"HTTP_USER_AGENT"=>"ef8bdedf59da7d559fe075ed7b669fe8cbdd3cdc", "HTTP_ACCEPT_LANGUAGE"=>"a4deeb00197e2f11326530d958f32266f0f907af"}}
<#Sinatra::Cookies::Jar: "rack.session"=>"BAh7CEkiD3Nlc3Npb25faWQGOgZFVEkiRTZmNWMxYjU5MTBkMzNjODBhNGFl\nNGFmODM4MWUzZWU4NDc2MzQ0MmQ1OTRhNGE5YmM4NDVlZWRjMzExZGVmMzUG\nOwBGSSIJY3NyZgY7AEZJIiUyNzhjZWUyYzc1Zjk3OGVkNzIxOWM4ZDQ1YTcx\nYTdjMQY7AEZJIg10cmFja2luZwY7AEZ7B0kiFEhUVFBfVVNFUl9BR0VOVAY7\nAFRJIi1jZWFhNDM2MzFhNTFkNGY4ZGEzNDZlYmFhNjNjODVkOTE2YTg2MjY1\nBjsARkkiGUhUVFBfQUNDRVBUX0xBTkdVQUdFBjsAVEkiLTI2NjhjY2MwYjI2\nYzFhZGExZTQ1MGJmMTNlMjFlNTE1MDFhNDA0MjIGOwBG\n--93eb488fb8783195474f7c7d15f71c60c1d81a91">
{"session_id"=>"ef28da1b51f478e17a5e1f9192de5253a9337834678f1294d86df87218fc2d82", "csrf"=>"eca7aaab821098f9dc3c95ab4fa22bab", "tracking"=>{"HTTP_USER_AGENT"=>"ceaa43631a51d4f8da346ebaa63c85d916a86265", "HTTP_ACCEPT_LANGUAGE"=>"2668ccc0b26c1ada1e450bf13e21e51501a40422"}}
<#Sinatra::Cookies::Jar: "__utma"=>"111872281.1845464629.1446452233.1446452233.1446452233.1", "__utmz"=>"111872281.1446452233.1.1.utmcsr=(direct)|utmccn=(direct)|utmcmd=(none)", "rack.session"=>"BAh7CEkiD3Nlc3Npb25faWQGOgZFVEkiRTliMDBiYjhiZDcxOGE4MmM4ZjY3\nYTkyZGJlZWQ2NmZmNzc3NmY3ODMwYWExOGYzMWJjYWY3MzEwOWM3ZmE1NTIG\nOwBGSSIJY3NyZgY7AEZJIiVmYmFkNjMzZDk3NDIwODVmMGU1ZTBkZGFlNzI2\nNDk5YgY7AEZJIg10cmFja2luZwY7AEZ7B0kiFEhUVFBfVVNFUl9BR0VOVAY7\nAFRJIi1lZjhiZGVkZjU5ZGE3ZDU1OWZlMDc1ZWQ3YjY2OWZlOGNiZGQzY2Rj\nBjsARkkiGUhUVFBfQUNDRVBUX0xBTkdVQUdFBjsAVEkiLWE0ZGVlYjAwMTk3\nZTJmMTEzMjY1MzBkOTU4ZjMyMjY2ZjBmOTA3YWYGOwBG\n--df6cb06cb35c912d753859d9576789fc66f8f22d">
{"session_id"=>"28c7634ec888afd4e1f32c91f7e45eaee04f30f5e5d40280622fbed51607f173", "csrf"=>"5320013d69e4a51750a6ced2890c2d07", "tracking"=>{"HTTP_USER_AGENT"=>"ef8bdedf59da7d559fe075ed7b669fe8cbdd3cdc", "HTTP_ACCEPT_LANGUAGE"=>"a4deeb00197e2f11326530d958f32266f0f907af"}}
{"name"=>"maya"}
{"session_id"=>"28c7634ec888afd4e1f32c91f7e45eaee04f30f5e5d40280622fbed51607f173", "csrf"=>"5320013d69e4a51750a6ced2890c2d07", "tracking"=>{"HTTP_USER_AGENT"=>"ef8bdedf59da7d559fe075ed7b669fe8cbdd3cdc", "HTTP_ACCEPT_LANGUAGE"=>"a4deeb00197e2f11326530d958f32266f0f907af"}}
{"session_id"=>"28c7634ec888afd4e1f32c91f7e45eaee04f30f5e5d40280622fbed51607f173", "csrf"=>"5320013d69e4a51750a6ced2890c2d07", "tracking"=>{"HTTP_USER_AGENT"=>"ef8bdedf59da7d559fe075ed7b669fe8cbdd3cdc", "HTTP_ACCEPT_LANGUAGE"=>"a4deeb00197e2f11326530d958f32266f0f907af"}, "id"=>"maya"}
<#Sinatra::Cookies::Jar: "__utma"=>"111872281.1845464629.1446452233.1446452233.1446452233.1", "__utmz"=>"111872281.1446452233.1.1.utmcsr=(direct)|utmccn=(direct)|utmcmd=(none)", "rack.session"=>"BAh7CUkiD3Nlc3Npb25faWQGOgZFVEkiRTI4Yzc2MzRlYzg4OGFmZDRlMWYz\nMmM5MWY3ZTQ1ZWFlZTA0ZjMwZjVlNWQ0MDI4MDYyMmZiZWQ1MTYwN2YxNzMG\nOwBGSSIJY3NyZgY7AEZJIiU1MzIwMDEzZDY5ZTRhNTE3NTBhNmNlZDI4OTBj\nMmQwNwY7AEZJIg10cmFja2luZwY7AEZ7B0kiFEhUVFBfVVNFUl9BR0VOVAY7\nAFRJIi1lZjhiZGVkZjU5ZGE3ZDU1OWZlMDc1ZWQ3YjY2OWZlOGNiZGQzY2Rj\nBjsARkkiGUhUVFBfQUNDRVBUX0xBTkdVQUdFBjsAVEkiLWE0ZGVlYjAwMTk3\nZTJmMTEzMjY1MzBkOTU4ZjMyMjY2ZjBmOTA3YWYGOwBGSSIHaWQGOwBGSSIJ\nbWF5YQY7AFQ=\n--3717dbd9e44b16e1223f5af932f39f091db57837">
{"session_id"=>"3ec53077a3314dad0b6aea7a01474a82ac6e0364eecc092b2cfeb9d515696323", "csrf"=>"6f1b1895a53010a710a1f3312f004626", "tracking"=>{"HTTP_USER_AGENT"=>"ef8bdedf59da7d559fe075ed7b669fe8cbdd3cdc", "HTTP_ACCEPT_LANGUAGE"=>"a4deeb00197e2f11326530d958f32266f0f907af"}}
<#Sinatra::Cookies::Jar: "__utma"=>"111872281.1845464629.1446452233.1446452233.1446452233.1", "__utmz"=>"111872281.1446452233.1.1.utmcsr=(direct)|utmccn=(direct)|utmcmd=(none)", "rack.session"=>"BAh7CEkiD3Nlc3Npb25faWQGOgZFVEkiRWU2ZjhkYTc5NmMyOTMxOGIzYjA1\nYjc1MjkzYTM1MzAyZTBiMTY5MTAyOTczNDdlODdhNWIzZDljNThkODkzMmEG\nOwBGSSIJY3NyZgY7AEZJIiU2NmRlYWJiNmM5YWMyYjRiZWZjY2E0NGIyZGQw\nY2U1YQY7AEZJIg10cmFja2luZwY7AEZ7B0kiFEhUVFBfVVNFUl9BR0VOVAY7\nAFRJIi1lZjhiZGVkZjU5ZGE3ZDU1OWZlMDc1ZWQ3YjY2OWZlOGNiZGQzY2Rj\nBjsARkkiGUhUVFBfQUNDRVBUX0xBTkdVQUdFBjsAVEkiLWE0ZGVlYjAwMTk3\nZTJmMTEzMjY1MzBkOTU4ZjMyMjY2ZjBmOTA3YWYGOwBG\n--1d10b3ab0cfab0af153f4921f72e6912de9464fa">
{"session_id"=>"03053c2c021801c87d8b0e05ea6b62a1d958fcd38ee319ae46707f06e7b966be", "csrf"=>"d9415ea2e2aa55c5ac90679765f453f0", "tracking"=>{"HTTP_USER_AGENT"=>"ef8bdedf59da7d559fe075ed7b669fe8cbdd3cdc", "HTTP_ACCEPT_LANGUAGE"=>"a4deeb00197e2f11326530d958f32266f0f907af"}}
<#Sinatra::Cookies::Jar: "__utma"=>"111872281.1845464629.1446452233.1446452233.1446452233.1", "__utmz"=>"111872281.1446452233.1.1.utmcsr=(direct)|utmccn=(direct)|utmcmd=(none)", "rack.session"=>"BAh7CEkiD3Nlc3Npb25faWQGOgZFVEkiRTAzMDUzYzJjMDIxODAxYzg3ZDhi\nMGUwNWVhNmI2MmExZDk1OGZjZDM4ZWUzMTlhZTQ2NzA3ZjA2ZTdiOTY2YmUG\nOwBGSSIJY3NyZgY7AEZJIiVkOTQxNWVhMmUyYWE1NWM1YWM5MDY3OTc2NWY0\nNTNmMAY7AEZJIg10cmFja2luZwY7AEZ7B0kiFEhUVFBfVVNFUl9BR0VOVAY7\nAFRJIi1lZjhiZGVkZjU5ZGE3ZDU1OWZlMDc1ZWQ3YjY2OWZlOGNiZGQzY2Rj\nBjsARkkiGUhUVFBfQUNDRVBUX0xBTkdVQUdFBjsAVEkiLWE0ZGVlYjAwMTk3\nZTJmMTEzMjY1MzBkOTU4ZjMyMjY2ZjBmOTA3YWYGOwBG\n--f71d7032912008a67ef1a16dd12ca77be5694552">
{"session_id"=>"211a22c1221b9b48ce3dca16ac0f8af8466f79802fb2471d35235c51bfd9f87e", "csrf"=>"2205903ad64ddbd80313b758e476f0ba", "tracking"=>{"HTTP_USER_AGENT"=>"ef8bdedf59da7d559fe075ed7b669fe8cbdd3cdc", "HTTP_ACCEPT_LANGUAGE"=>"a4deeb00197e2f11326530d958f32266f0f907af"}}
<#Sinatra::Cookies::Jar: "rack.session"=>"BAh7CEkiD3Nlc3Npb25faWQGOgZFVEkiRTExMDc2MjgzODI4YmVmMjE4OWU4\nNjNiZjAzNTU0NTZlMTQ0YTdlMDBlYWE2ZGIyZWZiNDFiMzUyYWZmMWVhZjIG\nOwBGSSIJY3NyZgY7AEZJIiU3ZjdjNDllMTYxMWQ0NmMwNTNmNjA2YzRmZTFk\nYTJiMgY7AEZJIg10cmFja2luZwY7AEZ7B0kiFEhUVFBfVVNFUl9BR0VOVAY7\nAFRJIi1jZWFhNDM2MzFhNTFkNGY4ZGEzNDZlYmFhNjNjODVkOTE2YTg2MjY1\nBjsARkkiGUhUVFBfQUNDRVBUX0xBTkdVQUdFBjsAVEkiLTI2NjhjY2MwYjI2\nYzFhZGExZTQ1MGJmMTNlMjFlNTE1MDFhNDA0MjIGOwBG\n--e4ae417f475cb472b1bca1bbc5a3c480bd4b4d1c">
{"session_id"=>"11076283828bef2189e863bf0355456e144a7e00eaa6db2efb41b352aff1eaf2", "csrf"=>"7f7c49e1611d46c053f606c4fe1da2b2", "tracking"=>{"HTTP_USER_AGENT"=>"ceaa43631a51d4f8da346ebaa63c85d916a86265", "HTTP_ACCEPT_LANGUAGE"=>"2668ccc0b26c1ada1e450bf13e21e51501a40422"}}
{"name"=>"maya"}
{"session_id"=>"9b17df32820a311701dcf837a45c55d1df8e2f221f33aaf4400ef5a0bc08b1fd", "csrf"=>"08de0cfac199183ef5c4c551a3f88778", "tracking"=>{"HTTP_USER_AGENT"=>"ceaa43631a51d4f8da346ebaa63c85d916a86265", "HTTP_ACCEPT_LANGUAGE"=>"2668ccc0b26c1ada1e450bf13e21e51501a40422"}}
{"session_id"=>"9b17df32820a311701dcf837a45c55d1df8e2f221f33aaf4400ef5a0bc08b1fd", "csrf"=>"08de0cfac199183ef5c4c551a3f88778", "tracking"=>{"HTTP_USER_AGENT"=>"ceaa43631a51d4f8da346ebaa63c85d916a86265", "HTTP_ACCEPT_LANGUAGE"=>"2668ccc0b26c1ada1e450bf13e21e51501a40422"}, "id"=>"maya"}
<#Sinatra::Cookies::Jar: "rack.session"=>"BAh7CUkiD3Nlc3Npb25faWQGOgZFVEkiRTliMTdkZjMyODIwYTMxMTcwMWRj\nZjgzN2E0NWM1NWQxZGY4ZTJmMjIxZjMzYWFmNDQwMGVmNWEwYmMwOGIxZmQG\nOwBGSSIJY3NyZgY7AEZJIiUwOGRlMGNmYWMxOTkxODNlZjVjNGM1NTFhM2Y4\nODc3OAY7AEZJIg10cmFja2luZwY7AEZ7B0kiFEhUVFBfVVNFUl9BR0VOVAY7\nAFRJIi1jZWFhNDM2MzFhNTFkNGY4ZGEzNDZlYmFhNjNjODVkOTE2YTg2MjY1\nBjsARkkiGUhUVFBfQUNDRVBUX0xBTkdVQUdFBjsAVEkiLTI2NjhjY2MwYjI2\nYzFhZGExZTQ1MGJmMTNlMjFlNTE1MDFhNDA0MjIGOwBGSSIHaWQGOwBGSSIJ\nbWF5YQY7AFQ=\n--f35413d09478538a8145d17abd06af1feeab0fad">
{"session_id"=>"0de3b0dd2165abaf35fc16fc22fe1fc4f72308b0b9cee918edec12b4b489d2cb", "csrf"=>"169333e38c0e219acfdc249974dbad21", "tracking"=>{"HTTP_USER_AGENT"=>"ceaa43631a51d4f8da346ebaa63c85d916a86265", "HTTP_ACCEPT_LANGUAGE"=>"2668ccc0b26c1ada1e450bf13e21e51501a40422"}}
